<?xml version="1.0" encoding="UTF-8"?>
<testsuite xmlns:xsi="http://www.w3.org/2001/XMLSchema-instance" xsi:noNamespaceSchemaLocation="https://maven.apache.org/surefire/maven-surefire-plugin/xsd/surefire-test-report-3.0.xsd" version="3.0" name="androidtestdemo.AppMovilTest" time="5.24" tests="1" errors="0" skipped="0" failures="1">
  <properties>
[...]
</properties>
  <testcase name="EjecutaMovilTest" classname="androidtestdemo.AppMovilTest" time="4.095">
    <failure message="Could not start a new session. Possible causes are invalid address of the remote server or browser start-up failure. &#10;Host info: host: &apos;AGTDEVL1017&apos;, ip: &apos;192.168.43.240&apos;&#10;Build info: version: &apos;4.7.2&apos;, revision: &apos;4d4020c3b7&apos;&#10;System info: os.name: &apos;Windows 10&apos;, os.arch: &apos;amd64&apos;, os.version: &apos;10.0&apos;, java.version: &apos;1.8.0_352&apos;&#10;Driver info: org.openqa.selenium.remote.RemoteWebDriver&#10;Command: [null, newSession {capabilities=[Capabilities {app: selendroid-test-app-0.16.0.apk, appPackage: io.selendroid.testapp, autoGrantPermissions: true, deviceName: Android Device, noReset: true, noSign: true, platformName: ANDROID}], desiredCapabilities=Capabilities {app: selendroid-test-app-0.16.0.apk, appPackage: io.selendroid.testapp, autoGrantPermissions: true, deviceName: Android Device, noReset: true, noSign: true, platformName: ANDROID}}]&#10;Capabilities {}" type="org.openqa.selenium.SessionNotCreatedException"><![CDATA[org.openqa.selenium.SessionNotCreatedException: 
Could not start a new session. Possible causes are invalid address of the remote server or browser start-up failure. 
Host info: host: 'AGTDEVL1017', ip: '192.168.43.240'
Build info: version: '4.7.2', revision: '4d4020c3b7'
System info: os.name: 'Windows 10', os.arch: 'amd64', os.version: '10.0', java.version: '1.8.0_352'
Driver info: org.openqa.selenium.remote.RemoteWebDriver
Command: [null, newSession {capabilities=[Capabilities {app: selendroid-test-app-0.16.0.apk, appPackage: io.selendroid.testapp, autoGrantPermissions: true, deviceName: Android Device, noReset: true, noSign: true, platformName: ANDROID}], desiredCapabilities=Capabilities {app: selendroid-test-app-0.16.0.apk, appPackage: io.selendroid.testapp, autoGrantPermissions: true, deviceName: Android Device, noReset: true, noSign: true, platformName: ANDROID}}]
Capabilities {}
	at androidtestdemo.AppMovilTest.EjecutaMovilTest(AppMovilTest.java:34)
Caused by: java.io.UncheckedIOException: java.net.ConnectException: Connection refused: no further information: /127.0.0.1:4723
	at androidtestdemo.AppMovilTest.EjecutaMovilTest(AppMovilTest.java:34)
Caused by: java.net.ConnectException: Connection refused: no further information: /127.0.0.1:4723
Caused by: io.netty.channel.AbstractChannel$AnnotatedConnectException: Connection refused: no further information: /127.0.0.1:4723
Caused by: java.net.ConnectException: Connection refused: no further information
]]></failure>
    <system-err><![CDATA[Jan 08, 2023 8:29:44 PM org.openqa.selenium.remote.tracing.opentelemetry.OpenTelemetryTracer createTracer
INFO: Using OpenTelemetry for tracing
SLF4J: Failed to load class "org.slf4j.impl.StaticLoggerBinder".
SLF4J: Defaulting to no-operation (NOP) logger implementation
SLF4J: See http://www.slf4j.org/codes.html#StaticLoggerBinder for further details.
Jan 08, 2023 8:29:44 PM org.openqa.selenium.remote.RemoteWebDriver checkNonW3CCapabilities
WARNING: Support for Legacy Capabilities is deprecated; You are sending the following invalid capabilities: [app, appPackage, autoGrantPermissions, deviceName, noReset, noSign]; Please update to W3C Syntax: https://www.selenium.dev/blog/2022/legacy-protocol-support/
]]></system-err>
  </testcase>
</testsuite>